<?xml version="1.0" encoding="UTF-8"?>
<!-- Generated by org.testng.reporters.JUnitXMLReporter -->
<testsuite ignored="7" hostname="NSL-6557" failures="0" tests="7" name="Test" time="32.952" errors="0" timestamp="2022-08-02T11:50:37 IST">
  <testcase classname="base.TestScript" name="prerequisite" time="14.259"/>
  <testcase classname="base.TestScript" name="TC_001" time="6.061"/>
  <testcase classname="base.TestScript" name="TC_002" time="1.394"/>
  <testcase classname="base.TestScript" name="TC_003" time="0.22"/>
  <testcase classname="base.TestScript" name="TC_004" time="0.064"/>
  <testcase classname="base.TestScript" name="TC_005" time="0.103"/>
  <testcase classname="base.TestScript" name="TC_006" time="0.974"/>
  <testcase classname="base.TestScript" name="TC_009" time="0.0">
    <ignored/>
  </testcase> <!-- TC_009 -->
  <testcase classname="base.TestScript" name="TC_008" time="0.0">
    <ignored/>
  </testcase> <!-- TC_008 -->
  <testcase classname="base.TestScript" name="TC_0010" time="0.0">
    <ignored/>
  </testcase> <!-- TC_0010 -->
  <testcase classname="base.TestScript" name="TC_0013" time="0.0">
    <ignored/>
  </testcase> <!-- TC_0013 -->
  <testcase classname="base.TestScript" name="TC_0011" time="0.0">
    <ignored/>
  </testcase> <!-- TC_0011 -->
  <testcase classname="base.TestScript" name="TC_0012" time="0.0">
    <ignored/>
  </testcase> <!-- TC_0012 -->
  <testcase classname="base.TestScript" name="TC_007" time="0.0">
    <ignored/>
  </testcase> <!-- TC_007 -->
</testsuite> <!-- Test -->
